ext4_generic
test conditions:
	imput name: overwrite_65536.ext4
	rw size: 65536
	rw count: 1
[BLKREAD] LBA : 2 || blocks : 2
ext4_fs: l: 219   [info]  sblock features_incompatible:
ext4_fs: l: 144   filetype
ext4_fs: l: 152   extents
ext4_fs: l: 222   [info]  sblock features_compatible:
ext4_fs: l: 183   dir_index
ext4_fs: l: 225   [info]  sblock features_read_only:
ext4_fs: l: 189   sparse_super
ext4_fs: l: 191   large_file
[BLKWRITE] LBA : 2 || blocks : 2
ls /mp/
[BLKREAD] LBA : 8 || blocks : 8
[BLKREAD] LBA : 40 || blocks : 8
[BLKREAD] LBA : 4136 || blocks : 8
  [dir] .
[BLKREAD] LBA : 4144 || blocks : 8
  [dir] ..
  [dir] lost+found
file_test:
  rw size: 65536
  rw count: 1
[BLKREAD] LBA : 32 || blocks : 8
ext4_write: 65536 * 1 ...
[BLKREAD] LBA : 24 || blocks : 8
[BLKWRITE] LBA : 16 || blocks : 8
[BLKWRITE] LBA : 4168 || blocks : 120
  write time: 1 ms
  write speed: 32000 KB/s
[BLKWRITE] LBA : 16 || blocks : 8
[BLKWRITE] LBA : 4168 || blocks : 120
[BLKREAD] LBA : 16 || blocks : 8
[BLKREAD] LBA : 4168 || blocks : 120
  read time: 0 ms
  read speed: 64000 KB/s
[BLKWRITE] LBA : 40 || blocks : 8
[BLKWRITE] LBA : 8 || blocks : 8
[BLKWRITE] LBA : 4144 || blocks : 8
[BLKWRITE] LBA : 24 || blocks : 8
[BLKWRITE] LBA : 32 || blocks : 8
[BLKWRITE] LBA : 2 || blocks : 2

test finished
